Arguments: 
  /Users/seunggeon/.nvm/versions/node/v12.18.0/bin/node /Users/seunggeon/.yarn/bin/yarn.js add -D serverless0offline

PATH: 
  /Users/seunggeon/.yarn/bin:/Users/seunggeon/.config/yarn/global/node_modules/.bin:/Users/seunggeon/.nvm/versions/node/v12.18.0/bin:/usr/local/bin:/usr/bin:/bin:/usr/sbin:/sbin:/Library/Apple/usr/bin:/Users/seunggeon/.yarn/bin:/Users/seunggeon/.config/yarn/global/node_modules/.bin:/Users/seunggeon/.nvm/versions/node/v12.18.0/bin

Yarn version: 
  1.22.4

Node version: 
  12.18.0

Platform: 
  darwin x64

Trace: 
  Error: https://registry.yarnpkg.com/serverless0offline: Not found
      at Request.params.callback [as _callback] (/Users/seunggeon/.yarn/lib/cli.js:66987:18)
      at Request.self.callback (/Users/seunggeon/.yarn/lib/cli.js:140748:22)
      at Request.emit (events.js:315:20)
      at Request.<anonymous> (/Users/seunggeon/.yarn/lib/cli.js:141720:10)
      at Request.emit (events.js:315:20)
      at IncomingMessage.<anonymous> (/Users/seunggeon/.yarn/lib/cli.js:141642:12)
      at Object.onceWrapper (events.js:421:28)
      at IncomingMessage.emit (events.js:327:22)
      at endReadableNT (_stream_readable.js:1221:12)
      at processTicksAndRejections (internal/process/task_queues.js:84:21)

npm manifest: 
  {
    "name": "yigim-server",
    "version": "0.0.0",
    "author": "geongun20 <leesg9@snu.ac.kr>",
    "license": "ISC"
  }

yarn manifest: 
  No manifest

Lockfile: 
  No lockfile
